<?xml version="1.0" encoding="UTF-8"?>
<!-- Generated by org.testng.reporters.JUnitXMLReporter -->
<testsuite hostname="ip-172-31-2-231" ignored="2" name="LoginTest" tests="2" failures="0" timestamp="2021-03-07T10:25:48 UTC" time="0.066" errors="0">
  <testcase name="method1" time="0.009" classname="test.Test1"/>
  <testcase name="method2" time="0.001" classname="test.Test2"/>
  <testcase name="method2" time="0.0" classname="test.Test1">
    <ignored/>
  </testcase> <!-- method2 -->
  <testcase name="method3" time="0.0" classname="test.Test1">
    <ignored/>
  </testcase> <!-- method3 -->
</testsuite> <!-- LoginTest -->
